#
# There is insufficient memory for the Java Runtime Environment to continue.
# Native memory allocation (malloc) failed to allocate 1522896 bytes for Chunk::new
# Possible reasons:
#   The system is out of physical RAM or swap space
#   The process is running with CompressedOops enabled, and the Java Heap may be blocking the growth of the native heap
# Possible solutions:
#   Reduce memory load on the system
#   Increase physical memory or swap space
#   Check if swap backing store is full
#   Decrease Java heap size (-Xmx/-Xms)
#   Decrease number of Java threads
#   Decrease Java thread stack sizes (-Xss)
#   Set larger code cache with -XX:ReservedCodeCacheSize=
#   JVM is running with Unscaled Compressed Oops mode in which the Java heap is
#     placed in the first 4GB address space. The Java Heap base address is the
#     maximum limit for the native heap growth. Please use -XX:HeapBaseMinAddress
#     to set the Java Heap base and to place the Java Heap above 4GB virtual address.
# This output file may be truncated or incomplete.
#
#  Out of Memory Error (allocation.cpp:389), pid=23024, tid=0x0000000000004eb8
#
# JRE version: OpenJDK Runtime Environment (8.0_202-b03) (build 1.8.0_202-release-1483-b03)
# Java VM: OpenJDK 64-Bit Server VM (25.202-b03 mixed mode windows-amd64 compressed oops)
# Failed to write core dump. Minidumps are not enabled by default on client versions of Windows
#

---------------  T H R E A D  ---------------

Current thread (0x0000000016011800):  JavaThread "C2 CompilerThread1" daemon [_thread_in_native, id=20152, stack(0x0000000017780000,0x0000000017880000)]

Stack: [0x0000000017780000,0x0000000017880000]
[error occurred during error reporting (printing stack bounds), id 0xc0000005]

Native frames: (J=compiled Java code, j=interpreted, Vv=VM code, C=native code)


Current CompileTask:
C2: 311744 15578       4       com.android.tools.r8.ir.regalloc.LinearScanRegisterAllocator::a (3743 bytes)


---------------  P R O C E S S  ---------------

Java Threads: ( => current thread )
  0x000000001e0c3000 JavaThread "Cache worker for execution history cache (C:\Users\Iotguy\AndroidStudioProjects\HealthCare\.gradle\5.4.1\executionHistory)" [_thread_blocked, id=6988, stack(0x0000000023bd0000,0x0000000023cd0000)]
  0x000000001e0c2800 JavaThread "Execution worker for ':' Thread 3" [_thread_in_Java, id=17696, stack(0x0000000023ad0000,0x0000000023bd0000)]
  0x00000000196b4000 JavaThread "Execution worker for ':' Thread 2" [_thread_blocked, id=4544, stack(0x00000000239d0000,0x0000000023ad0000)]
  0x00000000196b3800 JavaThread "Execution worker for ':'" [_thread_in_Java, id=12772, stack(0x00000000238d0000,0x00000000239d0000)]
  0x00000000196b0000 JavaThread "Cache worker for file content cache (C:\Users\Iotguy\AndroidStudioProjects\HealthCare\.gradle\5.4.1\fileContent)" [_thread_blocked, id=15464, stack(0x00000000233d0000,0x00000000234d0000)]
  0x00000000196b2000 JavaThread "Cache worker for file content cache (C:\Users\Iotguy\.gradle\caches\5.4.1\fileContent)" [_thread_blocked, id=18024, stack(0x00000000232d0000,0x00000000233d0000)]
  0x00000000196b2800 JavaThread "Cache worker for Build Output Cleanup Cache (C:\Users\Iotguy\AndroidStudioProjects\HealthCare\.gradle\buildOutputCleanup)" [_thread_blocked, id=18040, stack(0x00000000231d0000,0x00000000232d0000)]
  0x00000000196af800 JavaThread "pool-2-thread-1" [_thread_blocked, id=8472, stack(0x00000000222d0000,0x00000000223d0000)]
  0x00000000196b1000 JavaThread "Build operations Thread 4" [_thread_blocked, id=19376, stack(0x0000000021fd0000,0x00000000220d0000)]
  0x00000000196a8000 JavaThread "Build operations Thread 3" [_thread_blocked, id=4128, stack(0x0000000021cd0000,0x0000000021dd0000)]
  0x00000000196ae800 JavaThread "Build operations Thread 2" [_thread_blocked, id=14016, stack(0x00000000217d0000,0x00000000218d0000)]
  0x00000000196a7000 JavaThread "Build operations" [_thread_blocked, id=1048, stack(0x00000000216d0000,0x00000000217d0000)]
  0x00000000196ae000 JavaThread "Cache worker for cache directory md-rule (C:\Users\Iotguy\.gradle\caches\5.4.1\md-rule)" [_thread_blocked, id=23060, stack(0x00000000215d0000,0x00000000216d0000)]
  0x00000000196a6800 JavaThread "Cache worker for cache directory md-supplier (C:\Users\Iotguy\.gradle\caches\5.4.1\md-supplier)" [_thread_blocked, id=3108, stack(0x00000000214d0000,0x00000000215d0000)]
  0x00000000196ab800 JavaThread "Cache worker for file hash cache (C:\Users\Iotguy\AndroidStudioProjects\HealthCare\.gradle\5.4.1\fileHashes)" [_thread_blocked, id=20764, stack(0x000000001ebc0000,0x000000001ecc0000)]
  0x00000000196ab000 JavaThread "Thread-32" [_thread_blocked, id=23304, stack(0x000000001a900000,0x000000001aa00000)]
  0x00000000196a8800 JavaThread "Asynchronous log dispatcher for DefaultDaemonConnection: socket connection from /127.0.0.1:54960 to /127.0.0.1:55057" [_thread_blocked, id=21784, stack(0x000000001a500000,0x000000001a600000)]
  0x00000000196ad000 JavaThread "Daemon worker Thread 2" [_thread_in_Java, id=17772, stack(0x000000001a200000,0x000000001a300000)]
  0x00000000196a5800 JavaThread "Cancel handler" [_thread_blocked, id=5608, stack(0x000000001a100000,0x000000001a200000)]
  0x00000000196aa000 JavaThread "Handler for socket connection from /127.0.0.1:54960 to /127.0.0.1:55057" [_thread_in_native, id=14852, stack(0x00000000024a0000,0x00000000025a0000)]
  0x00000000196a5000 JavaThread "Daemon Thread 2" [_thread_blocked, id=8800, stack(0x0000000000970000,0x0000000000a70000)]
  0x00000000196a9800 JavaThread "Memory manager" [_thread_blocked, id=22304, stack(0x0000000022cd0000,0x0000000022dd0000)]
  0x000000001e0c1000 JavaThread "Cache worker for execution history cache (C:\Users\Iotguy\.gradle\caches\5.4.1\executionHistory)" [_thread_blocked, id=18780, stack(0x00000000211d0000,0x00000000212d0000)]
  0x0000000018880000 JavaThread "Cache worker for journal cache (C:\Users\Iotguy\.gradle\caches\journal-1)" [_thread_blocked, id=22248, stack(0x000000001ac00000,0x000000001ad00000)]
  0x0000000018881800 JavaThread "File lock request listener" [_thread_in_native, id=10404, stack(0x000000001ab00000,0x000000001ac00000)]
  0x0000000018881000 JavaThread "Cache worker for file hash cache (C:\Users\Iotguy\.gradle\caches\5.4.1\fileHashes)" [_thread_blocked, id=23400, stack(0x000000001aa00000,0x000000001ab00000)]
  0x0000000017c03800 JavaThread "Daemon periodic checks" [_thread_blocked, id=10624, stack(0x000000001a000000,0x000000001a100000)]
  0x0000000018501800 JavaThread "Incoming local TCP Connector on port 54960" [_thread_in_native, id=19868, stack(0x0000000019d90000,0x0000000019e90000)]
  0x0000000019096800 JavaThread "Daemon health stats" [_thread_blocked, id=17448, stack(0x0000000019750000,0x0000000019850000)]
  0x000000001606d000 JavaThread "Service Thread" daemon [_thread_blocked, id=19428, stack(0x0000000017d80000,0x0000000017e80000)]
  0x0000000017898800 JavaThread "C1 CompilerThread2" daemon [_thread_in_vm, id=7576, stack(0x0000000017c80000,0x0000000017d80000)]
=>0x0000000016011800 JavaThread "C2 CompilerThread1" daemon [_thread_in_native, id=20152, stack(0x0000000017780000,0x0000000017880000)]
  0x000000001600d000 JavaThread "C2 CompilerThread0" daemon [_thread_in_native, id=2892, stack(0x0000000017680000,0x0000000017780000)]
  0x000000001600b800 JavaThread "Attach Listener" daemon [_thread_blocked, id=11556, stack(0x0000000017580000,0x0000000017680000)]
  0x000000001600a800 JavaThread "Signal Dispatcher" daemon [_thread_blocked, id=18820, stack(0x0000000017480000,0x0000000017580000)]
  0x000000000269b000 JavaThread "Finalizer" daemon [_thread_blocked, id=5444, stack(0x0000000017260000,0x0000000017360000)]
  0x0000000015ff9000 JavaThread "Reference Handler" daemon [_thread_blocked, id=7272, stack(0x0000000017160000,0x0000000017260000)]
  0x00000000025a2800 JavaThread "main" [_thread_blocked, id=22392, stack(0x0000000002320000,0x0000000002420000)]

Other Threads:
  0x0000000015fd6800 VMThread [stack: 0x0000000017060000,0x0000000017160000] [id=16008]
  0x000000001606e000 WatcherThread [stack: 0x0000000017e80000,0x0000000017f80000] [id=3452]

VM state:not at safepoint (normal execution)

VM Mutex/Monitor currently owned by a thread:  ([mutex/lock_event])
[0x00000000025a1a50] CompiledIC_lock - owner thread: 0x0000000017898800

heap address: 0x00000000a0000000, size: 1536 MB, Compressed Oops mode: 32-bit
Narrow klass base: 0x0000000000000000, Narrow klass shift: 3
Compressed class space size: 1073741824 Address: 0x0000000100000000

Heap:
 PSYoungGen      total 499200K, used 207298K [0x00000000e0000000, 0x0000000100000000, 0x0000000100000000)
  eden space 477696K, 40% used [0x00000000e0000000,0x00000000ebce9868,0x00000000fd280000)
  from space 21504K, 64% used [0x00000000fd280000,0x00000000fe007188,0x00000000fe780000)
  to   space 21504K, 0% used [0x00000000feb00000,0x00000000feb00000,0x0000000100000000)
 ParOldGen       total 198144K, used 151740K [0x00000000a0000000, 0x00000000ac180000, 0x00000000e0000000)
  object space 198144K, 76% used [0x00000000a0000000,0x00000000a942f358,0x00000000ac180000)
 Metaspace       used 74171K, capacity 76838K, committed 77016K, reserved 1116160K
  class space    used 9628K, capacity 10166K, committed 10200K, reserved 1048576K

Card table byte_map: [0x0000000011a60000,0x0000000011d70000] byte_map_base: 0x0000000011560000

Marking Bits: (ParMarkBitMap*) 0x0000000067759f30
 Begin Bits: [0x0000000012370000, 0x0000000013b70000)
 End Bits:   [0x0000000013b70000, 0x0000000015370000)

Polling page: 0x0000000000af0000

CodeCache: size=245760Kb used=45585Kb max_used=46573Kb free=200174Kb
 bounds [0x00000000026a0000, 0x0000000005470000, 0x00000000116a0000]
 total_blobs=12887 nmethods=12078 adapters=720
 compilation: enabled

Compilation events (10 events):
Event: 310.750 Thread 0x0000000016011800 nmethod 15556 0x0000000005455390 code [0x00000000054559c0, 0x000000000545aa18]
Event: 310.750 Thread 0x0000000016011800 15578       4       com.android.tools.r8.ir.regalloc.LinearScanRegisterAllocator::a (3743 bytes)
Event: 310.982 Thread 0x000000001600d000 nmethod 15560% 0x00000000053f3e90 code [0x00000000053f40a0, 0x00000000053f4c50]
Event: 310.982 Thread 0x000000001600d000 15609       4       com.android.tools.r8.ir.analysis.g.e::a (268 bytes)
Event: 311.264 Thread 0x0000000017898800 15613       2       com.android.tools.r8.n.a.a.a.g.E0::isEmpty (13 bytes)
Event: 311.267 Thread 0x0000000017898800 nmethod 15613 0x0000000004a69c50 code [0x0000000004a69da0, 0x0000000004a69f10]
Event: 311.267 Thread 0x0000000017898800 15614       2       com.android.tools.r8.ir.code.BasicBlock::E (57 bytes)
Event: 311.268 Thread 0x0000000017898800 nmethod 15614 0x0000000003a66ad0 code [0x0000000003a66c60, 0x0000000003a66e68]
Event: 311.441 Thread 0x0000000017898800 15618       3       com.android.tools.r8.ir.regalloc.LinearScanRegisterAllocator::c (188 bytes)
Event: 311.445 Thread 0x0000000017898800 nmethod 15618 0x0000000004bc7050 code [0x0000000004bc73a0, 0x0000000004bc9028]

GC Heap History (10 events):
Event: 297.794 GC heap before
{Heap before GC invocations=36 (full 5):
 PSYoungGen      total 494080K, used 478512K [0x00000000e0000000, 0x00000000ffd80000, 0x0000000100000000)
  eden space 469504K, 100% used [0x00000000e0000000,0x00000000fca80000,0x00000000fca80000)
  from space 24576K, 36% used [0x00000000fe580000,0x00000000fee4c030,0x00000000ffd80000)
  to   space 26112K, 0% used [0x00000000fca80000,0x00000000fca80000,0x00000000fe400000)
 ParOldGen       total 198144K, used 120384K [0x00000000a0000000, 0x00000000ac180000, 0x00000000e0000000)
  object space 198144K, 60% used [0x00000000a0000000,0x00000000a7590290,0x00000000ac180000)
 Metaspace       used 74071K, capacity 76764K, committed 77016K, reserved 1116160K
  class space    used 9628K, capacity 10165K, committed 10200K, reserved 1048576K
Event: 298.078 GC heap after
Heap after GC invocations=36 (full 5):
 PSYoungGen      total 495616K, used 8824K [0x00000000e0000000, 0x00000000fff80000, 0x0000000100000000)
  eden space 469504K, 0% used [0x00000000e0000000,0x00000000e0000000,0x00000000fca80000)
  from space 26112K, 33% used [0x00000000fca80000,0x00000000fd31e268,0x00000000fe400000)
  to   space 25088K, 0% used [0x00000000fe700000,0x00000000fe700000,0x00000000fff80000)
 ParOldGen       total 198144K, used 127657K [0x00000000a0000000, 0x00000000ac180000, 0x00000000e0000000)
  object space 198144K, 64% used [0x00000000a0000000,0x00000000a7caa768,0x00000000ac180000)
 Metaspace       used 74071K, capacity 76764K, committed 77016K, reserved 1116160K
  class space    used 9628K, capacity 10165K, committed 10200K, reserved 1048576K
}
Event: 300.366 GC heap before
{Heap before GC invocations=37 (full 5):
 PSYoungGen      total 495616K, used 478328K [0x00000000e0000000, 0x00000000fff80000, 0x0000000100000000)
  eden space 469504K, 100% used [0x00000000e0000000,0x00000000fca80000,0x00000000fca80000)
  from space 26112K, 33% used [0x00000000fca80000,0x00000000fd31e268,0x00000000fe400000)
  to   space 25088K, 0% used [0x00000000fe700000,0x00000000fe700000,0x00000000fff80000)
 ParOldGen       total 198144K, used 127684K [0x00000000a0000000, 0x00000000ac180000, 0x00000000e0000000)
  object space 198144K, 64% used [0x00000000a0000000,0x00000000a7cb1050,0x00000000ac180000)
 Metaspace       used 74093K, capacity 76764K, committed 77016K, reserved 1116160K
  class space    used 9628K, capacity 10165K, committed 10200K, reserved 1048576K
Event: 300.645 GC heap after
Heap after GC invocations=37 (full 5):
 PSYoungGen      total 495616K, used 8559K [0x00000000e0000000, 0x00000000ffd00000, 0x0000000100000000)
  eden space 473088K, 0% used [0x00000000e0000000,0x00000000e0000000,0x00000000fce00000)
  from space 22528K, 37% used [0x00000000fe700000,0x00000000fef5bc80,0x00000000ffd00000)
  to   space 24064K, 0% used [0x00000000fce00000,0x00000000fce00000,0x00000000fe580000)
 ParOldGen       total 198144K, used 134263K [0x00000000a0000000, 0x00000000ac180000, 0x00000000e0000000)
  object space 198144K, 67% used [0x00000000a0000000,0x00000000a831ded0,0x00000000ac180000)
 Metaspace       used 74093K, capacity 76764K, committed 77016K, reserved 1116160K
  class space    used 9628K, capacity 10165K, committed 10200K, reserved 1048576K
}
Event: 303.689 GC heap before
{Heap before GC invocations=38 (full 5):
 PSYoungGen      total 495616K, used 481647K [0x00000000e0000000, 0x00000000ffd00000, 0x0000000100000000)
  eden space 473088K, 100% used [0x00000000e0000000,0x00000000fce00000,0x00000000fce00000)
  from space 22528K, 37% used [0x00000000fe700000,0x00000000fef5bc80,0x00000000ffd00000)
  to   space 24064K, 0% used [0x00000000fce00000,0x00000000fce00000,0x00000000fe580000)
 ParOldGen       total 198144K, used 134266K [0x00000000a0000000, 0x00000000ac180000, 0x00000000e0000000)
  object space 198144K, 67% used [0x00000000a0000000,0x00000000a831e928,0x00000000ac180000)
 Metaspace       used 74108K, capacity 76764K, committed 77016K, reserved 1116160K
  class space    used 9628K, capacity 10165K, committed 10200K, reserved 1048576K
Event: 303.788 GC heap after
Heap after GC invocations=38 (full 5):
 PSYoungGen      total 497152K, used 10109K [0x00000000e0000000, 0x00000000ffe80000, 0x0000000100000000)
  eden space 473088K, 0% used [0x00000000e0000000,0x00000000e0000000,0x00000000fce00000)
  from space 24064K, 42% used [0x00000000fce00000,0x00000000fd7df5e8,0x00000000fe580000)
  to   space 22528K, 0% used [0x00000000fe880000,0x00000000fe880000,0x00000000ffe80000)
 ParOldGen       total 198144K, used 139763K [0x00000000a0000000, 0x00000000ac180000, 0x00000000e0000000)
  object space 198144K, 70% used [0x00000000a0000000,0x00000000a887cc00,0x00000000ac180000)
 Metaspace       used 74108K, capacity 76764K, committed 77016K, reserved 1116160K
  class space    used 9628K, capacity 10165K, committed 10200K, reserved 1048576K
}
Event: 305.686 GC heap before
{Heap before GC invocations=39 (full 5):
 PSYoungGen      total 497152K, used 483197K [0x00000000e0000000, 0x00000000ffe80000, 0x0000000100000000)
  eden space 473088K, 100% used [0x00000000e0000000,0x00000000fce00000,0x00000000fce00000)
  from space 24064K, 42% used [0x00000000fce00000,0x00000000fd7df5e8,0x00000000fe580000)
  to   space 22528K, 0% used [0x00000000fe880000,0x00000000fe880000,0x00000000ffe80000)
 ParOldGen       total 198144K, used 139763K [0x00000000a0000000, 0x00000000ac180000, 0x00000000e0000000)
  object space 198144K, 70% used [0x00000000a0000000,0x00000000a887cc00,0x00000000ac180000)
 Metaspace       used 74151K, capacity 76774K, committed 77016K, reserved 1116160K
  class space    used 9628K, capacity 10166K, committed 10200K, reserved 1048576K
Event: 305.953 GC heap after
Heap after GC invocations=39 (full 5):
 PSYoungGen      total 498176K, used 10456K [0x00000000e0000000, 0x00000000ffc80000, 0x0000000100000000)
  eden space 477696K, 0% used [0x00000000e0000000,0x00000000e0000000,0x00000000fd280000)
  from space 20480K, 51% used [0x00000000fe880000,0x00000000ff2b6158,0x00000000ffc80000)
  to   space 21504K, 0% used [0x00000000fd280000,0x00000000fd280000,0x00000000fe780000)
 ParOldGen       total 198144K, used 146430K [0x00000000a0000000, 0x00000000ac180000, 0x00000000e0000000)
  object space 198144K, 73% used [0x00000000a0000000,0x00000000a8eff998,0x00000000ac180000)
 Metaspace       used 74151K, capacity 76774K, committed 77016K, reserved 1116160K
  class space    used 9628K, capacity 10166K, committed 10200K, reserved 1048576K
}
Event: 309.578 GC heap before
{Heap before GC invocations=40 (full 5):
 PSYoungGen      total 498176K, used 488152K [0x00000000e0000000, 0x00000000ffc80000, 0x0000000100000000)
  eden space 477696K, 100% used [0x00000000e0000000,0x00000000fd280000,0x00000000fd280000)
  from space 20480K, 51% used [0x00000000fe880000,0x00000000ff2b6158,0x00000000ffc80000)
  to   space 21504K, 0% used [0x00000000fd280000,0x00000000fd280000,0x00000000fe780000)
 ParOldGen       total 198144K, used 146430K [0x00000000a0000000, 0x00000000ac180000, 0x00000000e0000000)
  object space 198144K, 73% used [0x00000000a0000000,0x00000000a8eff998,0x00000000ac180000)
 Metaspace       used 74170K, capacity 76838K, committed 77016K, reserved 1116160K
  class space    used 9628K, capacity 10166K, committed 10200K, reserved 1048576K
Event: 310.027 GC heap after
Heap after GC invocations=40 (full 5):
 PSYoungGen      total 499200K, used 13852K [0x00000000e0000000, 0x0000000100000000, 0x0000000100000000)
  eden space 477696K, 0% used [0x00000000e0000000,0x00000000e0000000,0x00000000fd280000)
  from space 21504K, 64% used [0x00000000fd280000,0x00000000fe007188,0x00000000fe780000)
  to   space 21504K, 0% used [0x00000000feb00000,0x00000000feb00000,0x0000000100000000)
 ParOldGen       total 198144K, used 151740K [0x00000000a0000000, 0x00000000ac180000, 0x00000000e0000000)
  object space 198144K, 76% used [0x00000000a0000000,0x00000000a942f358,0x00000000ac180000)
 Metaspace       used 74170K, capacity 76838K, committed 77016K, reserved 1116160K
  class space    used 9628K, capacity 10166K, committed 10200K, reserved 1048576K
}

Deoptimization events (10 events):
Event: 308.633 Thread 0x00000000196b3800 Uncommon trap: reason=bimorphic action=maybe_recompile pc=0x0000000004c6595c method=com.android.tools.r8.ir.optimize.n.a(Lcom/android/tools/r8/ir/code/IRCode;)V @ 408
Event: 309.260 Thread 0x00000000196ad000 Uncommon trap: reason=array_check action=maybe_recompile pc=0x0000000004f8f434 method=java.util.TimSort.mergeLo(IIII)V @ 133
Event: 309.395 Thread 0x00000000196b3800 Uncommon trap: reason=unstable_if action=reinterpret pc=0x000000000315f1c4 method=com.android.tools.r8.ir.regalloc.LinearScanRegisterAllocator.e(Lcom/android/tools/r8/ir/regalloc/LiveIntervals;)Z @ 21
Event: 309.396 Thread 0x00000000196b3800 Uncommon trap: reason=unstable_if action=reinterpret pc=0x000000000511ee24 method=com.android.tools.r8.ir.regalloc.LinearScanRegisterAllocator.a(Lcom/android/tools/r8/ir/regalloc/LiveIntervals;Z)V @ 264
Event: 309.396 Thread 0x00000000196b3800 Uncommon trap: reason=unstable_if action=reinterpret pc=0x0000000004ca1ea4 method=com.android.tools.r8.ir.regalloc.LinearScanRegisterAllocator.a(Lcom/android/tools/r8/ir/regalloc/LiveIntervals;Z)V @ 264
Event: 309.452 Thread 0x00000000196ad000 Uncommon trap: reason=unstable_if action=reinterpret pc=0x0000000004a93028 method=com.android.tools.r8.dex.DexOutputBuffer.j(I)V @ 8
Event: 309.490 Thread 0x00000000196b4000 Uncommon trap: reason=class_check action=maybe_recompile pc=0x00000000047688e0 method=com.android.tools.r8.dex.c.b()Lcom/android/tools/r8/dex/c$a; @ 1031
Event: 310.032 Thread 0x00000000196b4000 Uncommon trap: reason=unstable_if action=reinterpret pc=0x0000000003fe64c0 method=java.util.concurrent.locks.LockSupport.unpark(Ljava/lang/Thread;)V @ 1
Event: 311.373 Thread 0x000000001e0c2800 Uncommon trap: reason=bimorphic action=maybe_recompile pc=0x0000000004c6595c method=com.android.tools.r8.ir.optimize.n.a(Lcom/android/tools/r8/ir/code/IRCode;)V @ 408
Event: 311.445 Thread 0x000000001e0c2800 Uncommon trap: reason=class_check action=maybe_recompile pc=0x0000000004657e3c method=com.android.tools.r8.ir.analysis.g.e.a(Ljava/util/List;Ljava/util/Map$Entry;)V @ 35

Classes redefined (0 events):
No events

Internal exceptions (10 events):
Event: 305.530 Thread 0x000000001e0c2800 Exception <a 'sun/nio/fs/WindowsException'> (0x00000000fb3fd838) thrown at [D:\src\AOSP-openjdk-cygwin\jdk8u\hotspot\src\share\vm\prims\jni.cpp, line 710]
Event: 305.553 Thread 0x000000001e0c2800 Exception <a 'sun/nio/fs/WindowsException'> (0x00000000fb466f10) thrown at [D:\src\AOSP-openjdk-cygwin\jdk8u\hotspot\src\share\vm\prims\jni.cpp, line 710]
Event: 307.059 Thread 0x000000001e0c2800 Exception <a 'sun/nio/fs/WindowsException'> (0x00000000e12805f8) thrown at [D:\src\AOSP-openjdk-cygwin\jdk8u\hotspot\src\share\vm\prims\jni.cpp, line 710]
Event: 307.096 Thread 0x00000000196b3800 Exception <a 'sun/nio/fs/WindowsException'> (0x00000000e08daa70) thrown at [D:\src\AOSP-openjdk-cygwin\jdk8u\hotspot\src\share\vm\prims\jni.cpp, line 710]
Event: 308.423 Thread 0x00000000196b3800 Exception <a 'sun/nio/fs/WindowsException'> (0x00000000ef796c10) thrown at [D:\src\AOSP-openjdk-cygwin\jdk8u\hotspot\src\share\vm\prims\jni.cpp, line 710]
Event: 308.530 Thread 0x000000001e0c2800 Exception <a 'sun/nio/fs/WindowsException'> (0x00000000f1767138) thrown at [D:\src\AOSP-openjdk-cygwin\jdk8u\hotspot\src\share\vm\prims\jni.cpp, line 710]
Event: 309.210 Thread 0x00000000196b4000 Exception <a 'sun/nio/fs/WindowsException'> (0x00000000f9b0d998) thrown at [D:\src\AOSP-openjdk-cygwin\jdk8u\hotspot\src\share\vm\prims\jni.cpp, line 710]
Event: 309.462 Thread 0x00000000196ad000 Exception <a 'sun/nio/fs/WindowsException'> (0x00000000fcff00b8) thrown at [D:\src\AOSP-openjdk-cygwin\jdk8u\hotspot\src\share\vm\prims\jni.cpp, line 710]
Event: 309.485 Thread 0x00000000196b4000 Exception <a 'sun/nio/fs/WindowsException'> (0x00000000f9b41e98) thrown at [D:\src\AOSP-openjdk-cygwin\jdk8u\hotspot\src\share\vm\prims\jni.cpp, line 710]
Event: 309.491 Thread 0x00000000196b4000 Exception <a 'sun/nio/fs/WindowsException'> (0x00000000f9baeb08) thrown at [D:\src\AOSP-openjdk-cygwin\jdk8u\hotspot\src\share\vm\prims\jni.cpp, line 710]

Events (10 events):
Event: 311.603 Thread 0x00000000196b3800 DEOPT UNPACKING pc=0x00000000026e75d0 sp=0x00000000239cae48 mode 0
Event: 311.614 Thread 0x00000000196b3800 DEOPT PACKING pc=0x000000000526c045 sp=0x00000000239ca9f0
Event: 311.614 Thread 0x00000000196b3800 DEOPT UNPACKING pc=0x00000000026e75d0 sp=0x00000000239caa60 mode 0
Event: 311.630 Thread 0x00000000196b3800 DEOPT PACKING pc=0x000000000526c40e sp=0x00000000239cade0
Event: 311.630 Thread 0x00000000196b3800 DEOPT UNPACKING pc=0x00000000026e75d0 sp=0x00000000239cae50 mode 0
Event: 311.631 Thread 0x00000000196b3800 DEOPT PACKING pc=0x000000000526c31d sp=0x00000000239cad00
Event: 311.631 Thread 0x00000000196b3800 DEOPT UNPACKING pc=0x00000000026e75d0 sp=0x00000000239cad68 mode 0
Event: 311.636 Thread 0x00000000196b3800 DEOPT PACKING pc=0x000000000526c3b1 sp=0x00000000239cade0
Event: 311.636 Thread 0x00000000196b3800 DEOPT UNPACKING pc=0x00000000026e75d0 sp=0x00000000239cae58 mode 0
Event: 311.659 Thread 0x0000000017898800 flushing nmethod 0x0000000002815090


Dynamic libraries:
0x00007ff615e20000 - 0x00007ff615e51000 	C:\Program Files\Android\Android Studio\jre\bin\java.exe
0x00007ffb89440000 - 0x00007ffb89630000 	C:\Windows\SYSTEM32\ntdll.dll
0x00007ffb88960000 - 0x00007ffb88a12000 	C:\Windows\System32\KERNEL32.DLL
0x00007ffb87060000 - 0x00007ffb87303000 	C:\Windows\System32\KERNELBASE.dll
0x00007ffb892b0000 - 0x00007ffb89353000 	C:\Windows\System32\ADVAPI32.dll
0x00007ffb88bd0000 - 0x00007ffb88c6e000 	C:\Windows\System32\msvcrt.dll
0x00007ffb89360000 - 0x00007ffb893f7000 	C:\Windows\System32\sechost.dll
0x00007ffb877d0000 - 0x00007ffb878f0000 	C:\Windows\System32\RPCRT4.dll
0x00007ffb890b0000 - 0x00007ffb89244000 	C:\Windows\System32\USER32.dll
0x00007ffb87430000 - 0x00007ffb87451000 	C:\Windows\System32\win32u.dll
0x00007ffb874f0000 - 0x00007ffb87516000 	C:\Windows\System32\GDI32.dll
0x00007ffb86ec0000 - 0x00007ffb87054000 	C:\Windows\System32\gdi32full.dll
0x00007ffb87390000 - 0x00007ffb8742e000 	C:\Windows\System32\msvcp_win.dll
0x00007ffb86b50000 - 0x00007ffb86c4a000 	C:\Windows\System32\ucrtbase.dll
0x00007ffb709f0000 - 0x00007ffb70c75000 	C:\Windows\WinSxS\amd64_microsoft.windows.common-controls_6595b64144ccf1df_6.0.18362.778_none_e6c6b761130d4fb8\COMCTL32.dll
0x00007ffb88d70000 - 0x00007ffb890a6000 	C:\Windows\System32\combase.dll
0x00007ffb87310000 - 0x00007ffb87390000 	C:\Windows\System32\bcryptPrimitives.dll
0x00007ffb88c70000 - 0x00007ffb88c9e000 	C:\Windows\System32\IMM32.DLL
0x0000000067d30000 - 0x0000000067e02000 	C:\Program Files\Android\Android Studio\jre\jre\bin\msvcr100.dll
0x0000000066f90000 - 0x00000000677d6000 	C:\Program Files\Android\Android Studio\jre\jre\bin\server\jvm.dll
0x00007ffb88af0000 - 0x00007ffb88af8000 	C:\Windows\System32\PSAPI.DLL
0x00007ffb6e730000 - 0x00007ffb6e739000 	C:\Windows\SYSTEM32\WSOCK32.dll
0x00007ffb88b00000 - 0x00007ffb88b6f000 	C:\Windows\System32\WS2_32.dll
0x00007ffb7e2d0000 - 0x00007ffb7e2f4000 	C:\Windows\SYSTEM32\WINMM.dll
0x00007ffb7bfc0000 - 0x00007ffb7bfca000 	C:\Windows\SYSTEM32\VERSION.dll
0x00007ffb7e2a0000 - 0x00007ffb7e2cd000 	C:\Windows\SYSTEM32\WINMMBASE.dll
0x00007ffb86d20000 - 0x00007ffb86d6a000 	C:\Windows\System32\cfgmgr32.dll
0x00007ffb7e370000 - 0x00007ffb7e37f000 	C:\Program Files\Android\Android Studio\jre\jre\bin\verify.dll
0x00007ffb7aec0000 - 0x00007ffb7aee9000 	C:\Program Files\Android\Android Studio\jre\jre\bin\java.dll
0x00007ffb7ae20000 - 0x00007ffb7ae36000 	C:\Program Files\Android\Android Studio\jre\jre\bin\zip.dll
0x00007ffb88250000 - 0x00007ffb88935000 	C:\Windows\System32\SHELL32.dll
0x00007ffb878f0000 - 0x00007ffb87999000 	C:\Windows\System32\shcore.dll
0x00007ffb863d0000 - 0x00007ffb86b50000 	C:\Windows\System32\windows.storage.dll
0x00007ffb863a0000 - 0x00007ffb863c3000 	C:\Windows\System32\profapi.dll
0x00007ffb86330000 - 0x00007ffb8637a000 	C:\Windows\System32\powrprof.dll
0x00007ffb86300000 - 0x00007ffb86310000 	C:\Windows\System32\UMPDC.dll
0x00007ffb87f10000 - 0x00007ffb87f62000 	C:\Windows\System32\shlwapi.dll
0x00007ffb86380000 - 0x00007ffb86391000 	C:\Windows\System32\kernel.appcore.dll
0x00007ffb86d00000 - 0x00007ffb86d17000 	C:\Windows\System32\cryptsp.dll
0x00007ffb7aa40000 - 0x00007ffb7aa5a000 	C:\Program Files\Android\Android Studio\jre\jre\bin\net.dll
0x00007ffb85b20000 - 0x00007ffb85b87000 	C:\Windows\system32\mswsock.dll
0x00007ffb7a570000 - 0x00007ffb7a581000 	C:\Program Files\Android\Android Studio\jre\jre\bin\nio.dll
0x00007ffb74770000 - 0x00007ffb74796000 	C:\Users\Iotguy\.gradle\native\29\windows-amd64\native-platform.dll
0x00007ffb7aea0000 - 0x00007ffb7aead000 	C:\Program Files\Android\Android Studio\jre\jre\bin\management.dll
0x00007ffb856a0000 - 0x00007ffb856d3000 	C:\Windows\system32\rsaenh.dll
0x00007ffb874c0000 - 0x00007ffb874e6000 	C:\Windows\System32\bcrypt.dll
0x00007ffb86220000 - 0x00007ffb86245000 	C:\Windows\SYSTEM32\USERENV.dll
0x00007ffb85ca0000 - 0x00007ffb85cac000 	C:\Windows\SYSTEM32\CRYPTBASE.dll
0x00007ffb85840000 - 0x00007ffb8587a000 	C:\Windows\SYSTEM32\IPHLPAPI.DLL
0x00007ffb87680000 - 0x00007ffb87688000 	C:\Windows\System32\NSI.dll
0x00007ffb7bfa0000 - 0x00007ffb7bfb6000 	C:\Windows\SYSTEM32\dhcpcsvc6.DLL
0x00007ffb7bf80000 - 0x00007ffb7bf9c000 	C:\Windows\SYSTEM32\dhcpcsvc.DLL
0x00007ffb85880000 - 0x00007ffb8594a000 	C:\Windows\SYSTEM32\DNSAPI.dll

VM Arguments:
jvm_args: -Xmx1536m -Dfile.encoding=windows-1252 -Duser.country=MA -Duser.language=fr -Duser.variant 
java_command: org.gradle.launcher.daemon.bootstrap.GradleDaemon 5.4.1
java_class_path (initial): C:\Users\Iotguy\.gradle\wrapper\dists\gradle-5.4.1-all\3221gyojl5jsh0helicew7rwx\gradle-5.4.1\lib\gradle-launcher-5.4.1.jar
Launcher Type: SUN_STANDARD

Environment Variables:
PATH=C:\ProgramData\DockerDesktop\version-bin;C:\Program Files\Docker\Docker\Resources\bin;C:\Program Files (x86)\Common Files\Oracle\Java\javapath;C:\Windows\system32;C:\Windows;C:\Windows\System32\Wbem;C:\Windows\System32\WindowsPowerShell\v1.0\;C:\Windows\System32\OpenSSH\;C:\Program Files\nodejs\;C:\Program Files\Git\cmd;C:\Program Files (x86)\cvsnt;C:\xampp\php;C:\ProgramData\ComposerSetup\bin;C:\Program Files\PuTTY\;C:\maven\bin;C:\openssl-0.9.8k_X64\bin;C:\Program Files\Java\jdk1.8.0_231\bin;C:\Program Files (x86)\BaseX\bin;C:\python\Scripts\;C:\python\;C:\Program Files (x86)\Common Files\Oracle\Java\javapath;C:\Windows\system32;C:\Windows;C:\Windows\System32\Wbem;C:\Windows\System32\WindowsPowerShell\v1.0\;C:\Windows\System32\OpenSSH\;C:\Program Files\nodejs\;C:\Program Files\Git\cmd;C:\Program Files (x86)\cvsnt;C:\Users\Iotguy\AppData\Local\Microsoft\WindowsApps;C:\Users\Iotguy\AppData\Local\Programs\Microsoft VS Code\bin;C:\Users\Iotguy\AppData\Roaming\npm;C:\Program Files\JetBrains\PyCharm Community Edition 2019.3\bin;C:\flutter\flutter\bin;C:\Users\Iotguy\AppData\Roaming\Composer\vendor\bin;C:\Users\Iotguy\AppData\Local\GitHubDesktop\bin;
USERNAME=Iotguy
OS=Windows_NT
PROCESSOR_IDENTIFIER=Intel64 Family 6 Model 142 Stepping 9, GenuineIntel



---------------  S Y S T E M  ---------------

OS: Windows 10.0 , 64 bit Build 18362 (10.0.18362.778)

CPU:total 4 (initial active 4) (2 cores per cpu, 2 threads per core) family 6 model 142 stepping 9, cmov, cx8, fxsr, mmx, sse, sse2, sse3, ssse3, sse4.1, sse4.2, popcnt, avx, avx2, aes, clmul, erms, rtm, 3dnowpref, lzcnt, ht, tsc, tscinvbit, bmi1, bmi2, adx

Memory: 4k page, physical 8246192k(313012k free), swap 26635820k(4744k free)

vm_info: OpenJDK 64-Bit Server VM (25.202-b03) for windows-amd64 JRE (1.8.0_202-release-1483-b03), built by "builder" with MS VC++ 10.0 (VS2010)

time: Mon Apr 27 14:00:09 2020
timezone: Paris, Madrid
elapsed time: 311 seconds (0d 0h 5m 11s)

