#
# There is insufficient memory for the Java Runtime Environment to continue.
# Native memory allocation (malloc) failed to allocate 2502736 bytes for Chunk::new
# Possible reasons:
#   The system is out of physical RAM or swap space
#   The process is running with CompressedOops enabled, and the Java Heap may be blocking the growth of the native heap
# Possible solutions:
#   Reduce memory load on the system
#   Increase physical memory or swap space
#   Check if swap backing store is full
#   Decrease Java heap size (-Xmx/-Xms)
#   Decrease number of Java threads
#   Decrease Java thread stack sizes (-Xss)
#   Set larger code cache with -XX:ReservedCodeCacheSize=
#   JVM is running with Unscaled Compressed Oops mode in which the Java heap is
#     placed in the first 4GB address space. The Java Heap base address is the
#     maximum limit for the native heap growth. Please use -XX:HeapBaseMinAddress
#     to set the Java Heap base and to place the Java Heap above 4GB virtual address.
# This output file may be truncated or incomplete.
#
#  Out of Memory Error (allocation.cpp:389), pid=8136, tid=0x00000000000047f4
#
# JRE version: OpenJDK Runtime Environment (8.0_202-b03) (build 1.8.0_202-release-1483-b03)
# Java VM: OpenJDK 64-Bit Server VM (25.202-b03 mixed mode windows-amd64 compressed oops)
# Failed to write core dump. Minidumps are not enabled by default on client versions of Windows
#

---------------  T H R E A D  ---------------

Current thread (0x0000000015ed2000):  JavaThread "C2 CompilerThread1" daemon [_thread_in_native, id=18420, stack(0x0000000017640000,0x0000000017740000)]

Stack: [0x0000000017640000,0x0000000017740000]
[error occurred during error reporting (printing stack bounds), id 0xc0000005]

Native frames: (J=compiled Java code, j=interpreted, Vv=VM code, C=native code)


Current CompileTask:
C2:  57524 8373       4       org.objectweb.asm.ClassReader::readCode (3575 bytes)


---------------  P R O C E S S  ---------------

Java Threads: ( => current thread )
  0x0000000018ad5000 JavaThread "Memory manager" [_thread_blocked, id=10716, stack(0x0000000022f60000,0x0000000023060000)]
  0x0000000018ad4800 JavaThread "Cache worker for Build Output Cleanup Cache (C:\Users\Iotguy\AndroidStudioProjects\HealthCare\.gradle\buildOutputCleanup)" [_thread_blocked, id=11296, stack(0x00000000211f0000,0x00000000212f0000)]
  0x0000000018ad2000 JavaThread "pool-1-thread-1" [_thread_blocked, id=5012, stack(0x0000000020cf0000,0x0000000020df0000)]
  0x0000000018ad1800 JavaThread "Build operations Thread 4" [_thread_in_native, id=19528, stack(0x00000000207f0000,0x00000000208f0000)]
  0x0000000018ad6800 JavaThread "Build operations Thread 3" [_thread_in_native, id=16344, stack(0x00000000206f0000,0x00000000207f0000)]
  0x0000000018ad3800 JavaThread "Build operations Thread 2" [_thread_blocked, id=8548, stack(0x00000000205f0000,0x00000000206f0000)]
  0x0000000018acf000 JavaThread "Build operations" [_thread_blocked, id=3384, stack(0x00000000204f0000,0x00000000205f0000)]
  0x0000000018acd800 JavaThread "Cache worker for execution history cache (C:\Users\Iotguy\.gradle\caches\5.4.1\executionHistory)" [_thread_blocked, id=12196, stack(0x000000001fbf0000,0x000000001fcf0000)]
  0x0000000018aae800 JavaThread "Cache worker for cache directory md-rule (C:\Users\Iotguy\.gradle\caches\5.4.1\md-rule)" [_thread_blocked, id=11772, stack(0x000000001faf0000,0x000000001fbf0000)]
  0x0000000018aad000 JavaThread "Cache worker for cache directory md-supplier (C:\Users\Iotguy\.gradle\caches\5.4.1\md-supplier)" [_thread_blocked, id=1608, stack(0x000000001e5d0000,0x000000001e6d0000)]
  0x0000000018aab800 JavaThread "Cache worker for file hash cache (C:\Users\Iotguy\AndroidStudioProjects\HealthCare\.gradle\5.4.1\fileHashes)" [_thread_blocked, id=2260, stack(0x000000001d060000,0x000000001d160000)]
  0x0000000018aaf000 JavaThread "Cache worker for journal cache (C:\Users\Iotguy\.gradle\caches\journal-1)" [_thread_blocked, id=11244, stack(0x000000001acc0000,0x000000001adc0000)]
  0x0000000018aaa800 JavaThread "File lock request listener" [_thread_in_native, id=21644, stack(0x000000001abc0000,0x000000001acc0000)]
  0x0000000018aaa000 JavaThread "Cache worker for file hash cache (C:\Users\Iotguy\.gradle\caches\5.4.1\fileHashes)" [_thread_blocked, id=3676, stack(0x000000001a8c0000,0x000000001a9c0000)]
  0x0000000018a5c000 JavaThread "Thread-9" [_thread_blocked, id=5792, stack(0x000000001a7c0000,0x000000001a8c0000)]
  0x0000000018a59000 JavaThread "Stdin handler" [_thread_blocked, id=15052, stack(0x000000001a6c0000,0x000000001a7c0000)]
  0x0000000017a55800 JavaThread "Asynchronous log dispatcher for DefaultDaemonConnection: socket connection from /127.0.0.1:52056 to /127.0.0.1:52057" [_thread_in_Java, id=5180, stack(0x000000001a5c0000,0x000000001a6c0000)]
  0x0000000018705800 JavaThread "Daemon worker" [_thread_in_Java, id=2892, stack(0x000000001a4c0000,0x000000001a5c0000)]
  0x0000000018704800 JavaThread "Cancel handler" [_thread_blocked, id=22752, stack(0x000000001a3c0000,0x000000001a4c0000)]
  0x0000000015ee9000 JavaThread "Handler for socket connection from /127.0.0.1:52056 to /127.0.0.1:52057" [_thread_in_native, id=4632, stack(0x000000001a0c0000,0x000000001a1c0000)]
  0x00000000184e6000 JavaThread "Daemon" [_thread_blocked, id=5768, stack(0x0000000019fc0000,0x000000001a0c0000)]
  0x0000000017b16800 JavaThread "Daemon periodic checks" [_thread_blocked, id=18024, stack(0x0000000019ec0000,0x0000000019fc0000)]
  0x00000000186fb000 JavaThread "Incoming local TCP Connector on port 52056" [_thread_in_native, id=8636, stack(0x0000000019c50000,0x0000000019d50000)]
  0x0000000018d9f000 JavaThread "Daemon health stats" [_thread_blocked, id=9700, stack(0x0000000019610000,0x0000000019710000)]
  0x0000000015f2d800 JavaThread "Service Thread" daemon [_thread_blocked, id=20192, stack(0x0000000017c40000,0x0000000017d40000)]
  0x0000000015edc000 JavaThread "C1 CompilerThread2" daemon [_thread_in_native, id=2428, stack(0x0000000017740000,0x0000000017840000)]
=>0x0000000015ed2000 JavaThread "C2 CompilerThread1" daemon [_thread_in_native, id=18420, stack(0x0000000017640000,0x0000000017740000)]
  0x0000000015ecd800 JavaThread "C2 CompilerThread0" daemon [_thread_in_native, id=12876, stack(0x0000000017540000,0x0000000017640000)]
  0x0000000015ecc800 JavaThread "Attach Listener" daemon [_thread_blocked, id=14308, stack(0x0000000017440000,0x0000000017540000)]
  0x0000000015ec9800 JavaThread "Signal Dispatcher" daemon [_thread_blocked, id=18096, stack(0x0000000017340000,0x0000000017440000)]
  0x000000000255b000 JavaThread "Finalizer" daemon [_thread_blocked, id=9264, stack(0x0000000017120000,0x0000000017220000)]
  0x0000000015eb9000 JavaThread "Reference Handler" daemon [_thread_blocked, id=17188, stack(0x0000000017020000,0x0000000017120000)]
  0x0000000002462800 JavaThread "main" [_thread_blocked, id=21760, stack(0x0000000002300000,0x0000000002400000)]

Other Threads:
  0x0000000015e96800 VMThread [stack: 0x0000000016f20000,0x0000000017020000] [id=10964]
  0x0000000015f2e800 WatcherThread [stack: 0x0000000017d40000,0x0000000017e40000] [id=22928]

VM state:not at safepoint (normal execution)

VM Mutex/Monitor currently owned by a thread: None

heap address: 0x00000000a0000000, size: 1536 MB, Compressed Oops mode: 32-bit
Narrow klass base: 0x0000000000000000, Narrow klass shift: 3
Compressed class space size: 1073741824 Address: 0x0000000100000000

Heap:
 PSYoungGen      total 129024K, used 65629K [0x00000000e0000000, 0x00000000ea880000, 0x0000000100000000)
  eden space 114688K, 44% used [0x00000000e0000000,0x00000000e321ddc8,0x00000000e7000000)
  from space 14336K, 99% used [0x00000000e8080000,0x00000000e8e796f8,0x00000000e8e80000)
  to   space 16896K, 0% used [0x00000000e7000000,0x00000000e7000000,0x00000000e8080000)
 ParOldGen       total 131584K, used 33417K [0x00000000a0000000, 0x00000000a8080000, 0x00000000e0000000)
  object space 131584K, 25% used [0x00000000a0000000,0x00000000a20a2728,0x00000000a8080000)
 Metaspace       used 70141K, capacity 72460K, committed 72704K, reserved 1112064K
  class space    used 9349K, capacity 9868K, committed 9984K, reserved 1048576K

Card table byte_map: [0x0000000011920000,0x0000000011c30000] byte_map_base: 0x0000000011420000

Marking Bits: (ParMarkBitMap*) 0x0000000067759f30
 Begin Bits: [0x0000000012230000, 0x0000000013a30000)
 End Bits:   [0x0000000013a30000, 0x0000000015230000)

Polling page: 0x0000000000710000

CodeCache: size=245760Kb used=24474Kb max_used=24475Kb free=221285Kb
 bounds [0x0000000002560000, 0x0000000003d70000, 0x0000000011560000]
 total_blobs=8105 nmethods=7258 adapters=760
 compilation: enabled

Compilation events (10 events):
Event: 57.342 Thread 0x0000000015ecd800 nmethod 8405 0x0000000003d559d0 code [0x0000000003d55e00, 0x0000000003d58890]
Event: 57.342 Thread 0x0000000015ecd800 8400       4       org.objectweb.asm.MethodVisitor::visitVarInsn (17 bytes)
Event: 57.353 Thread 0x0000000015ecd800 nmethod 8400 0x0000000003d4dfd0 code [0x0000000003d4e140, 0x0000000003d4e518]
Event: 57.353 Thread 0x0000000015ecd800 8404       4       org.objectweb.asm.MethodWriter::visitVarInsn (300 bytes)
Event: 57.361 Thread 0x0000000015ecd800 nmethod 8404 0x0000000003d55110 code [0x0000000003d55280, 0x0000000003d55618]
Event: 57.361 Thread 0x0000000015ecd800 8406       4       org.objectweb.asm.MethodVisitor::visitLineNumber (17 bytes)
Event: 57.375 Thread 0x0000000015ecd800 nmethod 8406 0x0000000003d529d0 code [0x0000000003d52b60, 0x0000000003d53018]
Event: 57.375 Thread 0x0000000015ecd800 8407       4       org.objectweb.asm.MethodWriter::visitMethodInsn (228 bytes)
Event: 57.517 Thread 0x0000000015ecd800 nmethod 8407 0x0000000003d5ded0 code [0x0000000003d5e220, 0x0000000003d60958]
Event: 57.517 Thread 0x0000000015ecd800 8410       4       org.objectweb.asm.Label::resolve (214 bytes)

GC Heap History (10 events):
Event: 37.184 GC heap before
{Heap before GC invocations=15 (full 2):
 PSYoungGen      total 104448K, used 102433K [0x00000000e0000000, 0x00000000e7200000, 0x0000000100000000)
  eden space 93184K, 100% used [0x00000000e0000000,0x00000000e5b00000,0x00000000e5b00000)
  from space 11264K, 82% used [0x00000000e6700000,0x00000000e7008438,0x00000000e7200000)
  to   space 11776K, 0% used [0x00000000e5b00000,0x00000000e5b00000,0x00000000e6680000)
 ParOldGen       total 87552K, used 21694K [0x00000000a0000000, 0x00000000a5580000, 0x00000000e0000000)
  object space 87552K, 24% used [0x00000000a0000000,0x00000000a152fa70,0x00000000a5580000)
 Metaspace       used 55291K, capacity 57100K, committed 57472K, reserved 1099776K
  class space    used 7368K, capacity 7719K, committed 7808K, reserved 1048576K
Event: 37.214 GC heap after
Heap after GC invocations=15 (full 2):
 PSYoungGen      total 104960K, used 11773K [0x00000000e0000000, 0x00000000e8e80000, 0x0000000100000000)
  eden space 93184K, 0% used [0x00000000e0000000,0x00000000e0000000,0x00000000e5b00000)
  from space 11776K, 99% used [0x00000000e5b00000,0x00000000e667f4e8,0x00000000e6680000)
  to   space 14336K, 0% used [0x00000000e8080000,0x00000000e8080000,0x00000000e8e80000)
 ParOldGen       total 87552K, used 25139K [0x00000000a0000000, 0x00000000a5580000, 0x00000000e0000000)
  object space 87552K, 28% used [0x00000000a0000000,0x00000000a188cdc0,0x00000000a5580000)
 Metaspace       used 55291K, capacity 57100K, committed 57472K, reserved 1099776K
  class space    used 7368K, capacity 7719K, committed 7808K, reserved 1048576K
}
Event: 40.161 GC heap before
{Heap before GC invocations=16 (full 2):
 PSYoungGen      total 104960K, used 57795K [0x00000000e0000000, 0x00000000e8e80000, 0x0000000100000000)
  eden space 93184K, 49% used [0x00000000e0000000,0x00000000e2cf1a40,0x00000000e5b00000)
  from space 11776K, 99% used [0x00000000e5b00000,0x00000000e667f4e8,0x00000000e6680000)
  to   space 14336K, 0% used [0x00000000e8080000,0x00000000e8080000,0x00000000e8e80000)
 ParOldGen       total 87552K, used 25139K [0x00000000a0000000, 0x00000000a5580000, 0x00000000e0000000)
  object space 87552K, 28% used [0x00000000a0000000,0x00000000a188cdc0,0x00000000a5580000)
 Metaspace       used 57067K, capacity 59014K, committed 59096K, reserved 1099776K
  class space    used 7644K, capacity 8038K, committed 8064K, reserved 1048576K
Event: 40.225 GC heap after
Heap after GC invocations=16 (full 2):
 PSYoungGen      total 131584K, used 3921K [0x00000000e0000000, 0x00000000e9300000, 0x0000000100000000)
  eden space 117248K, 0% used [0x00000000e0000000,0x00000000e0000000,0x00000000e7280000)
  from space 14336K, 27% used [0x00000000e8080000,0x00000000e84547d0,0x00000000e8e80000)
  to   space 14336K, 0% used [0x00000000e7280000,0x00000000e7280000,0x00000000e8080000)
 ParOldGen       total 87552K, used 34732K [0x00000000a0000000, 0x00000000a5580000, 0x00000000e0000000)
  object space 87552K, 39% used [0x00000000a0000000,0x00000000a21eb398,0x00000000a5580000)
 Metaspace       used 57067K, capacity 59014K, committed 59096K, reserved 1099776K
  class space    used 7644K, capacity 8038K, committed 8064K, reserved 1048576K
}
Event: 40.225 GC heap before
{Heap before GC invocations=17 (full 3):
 PSYoungGen      total 131584K, used 3921K [0x00000000e0000000, 0x00000000e9300000, 0x0000000100000000)
  eden space 117248K, 0% used [0x00000000e0000000,0x00000000e0000000,0x00000000e7280000)
  from space 14336K, 27% used [0x00000000e8080000,0x00000000e84547d0,0x00000000e8e80000)
  to   space 14336K, 0% used [0x00000000e7280000,0x00000000e7280000,0x00000000e8080000)
 ParOldGen       total 87552K, used 34732K [0x00000000a0000000, 0x00000000a5580000, 0x00000000e0000000)
  object space 87552K, 39% used [0x00000000a0000000,0x00000000a21eb398,0x00000000a5580000)
 Metaspace       used 57067K, capacity 59014K, committed 59096K, reserved 1099776K
  class space    used 7644K, capacity 8038K, committed 8064K, reserved 1048576K
Event: 40.963 GC heap after
Heap after GC invocations=17 (full 3):
 PSYoungGen      total 131584K, used 0K [0x00000000e0000000, 0x00000000e9300000, 0x0000000100000000)
  eden space 117248K, 0% used [0x00000000e0000000,0x00000000e0000000,0x00000000e7280000)
  from space 14336K, 0% used [0x00000000e8080000,0x00000000e8080000,0x00000000e8e80000)
  to   space 14336K, 0% used [0x00000000e7280000,0x00000000e7280000,0x00000000e8080000)
 ParOldGen       total 131584K, used 31940K [0x00000000a0000000, 0x00000000a8080000, 0x00000000e0000000)
  object space 131584K, 24% used [0x00000000a0000000,0x00000000a1f31078,0x00000000a8080000)
 Metaspace       used 57034K, capacity 58902K, committed 59096K, reserved 1099776K
  class space    used 7635K, capacity 8026K, committed 8064K, reserved 1048576K
}
Event: 47.713 GC heap before
{Heap before GC invocations=18 (full 3):
 PSYoungGen      total 131584K, used 117248K [0x00000000e0000000, 0x00000000e9300000, 0x0000000100000000)
  eden space 117248K, 100% used [0x00000000e0000000,0x00000000e7280000,0x00000000e7280000)
  from space 14336K, 0% used [0x00000000e8080000,0x00000000e8080000,0x00000000e8e80000)
  to   space 14336K, 0% used [0x00000000e7280000,0x00000000e7280000,0x00000000e8080000)
 ParOldGen       total 131584K, used 31940K [0x00000000a0000000, 0x00000000a8080000, 0x00000000e0000000)
  object space 131584K, 24% used [0x00000000a0000000,0x00000000a1f31078,0x00000000a8080000)
 Metaspace       used 64039K, capacity 66160K, committed 66304K, reserved 1105920K
  class space    used 8666K, capacity 9123K, committed 9216K, reserved 1048576K
Event: 47.751 GC heap after
Heap after GC invocations=18 (full 3):
 PSYoungGen      total 131584K, used 9671K [0x00000000e0000000, 0x00000000e9300000, 0x0000000100000000)
  eden space 117248K, 0% used [0x00000000e0000000,0x00000000e0000000,0x00000000e7280000)
  from space 14336K, 67% used [0x00000000e7280000,0x00000000e7bf1c70,0x00000000e8080000)
  to   space 14336K, 0% used [0x00000000e8080000,0x00000000e8080000,0x00000000e8e80000)
 ParOldGen       total 131584K, used 32012K [0x00000000a0000000, 0x00000000a8080000, 0x00000000e0000000)
  object space 131584K, 24% used [0x00000000a0000000,0x00000000a1f43088,0x00000000a8080000)
 Metaspace       used 64039K, capacity 66160K, committed 66304K, reserved 1105920K
  class space    used 8666K, capacity 9123K, committed 9216K, reserved 1048576K
}
Event: 55.927 GC heap before
{Heap before GC invocations=19 (full 3):
 PSYoungGen      total 131584K, used 126911K [0x00000000e0000000, 0x00000000e9300000, 0x0000000100000000)
  eden space 117248K, 99% used [0x00000000e0000000,0x00000000e727e120,0x00000000e7280000)
  from space 14336K, 67% used [0x00000000e7280000,0x00000000e7bf1c70,0x00000000e8080000)
  to   space 14336K, 0% used [0x00000000e8080000,0x00000000e8080000,0x00000000e8e80000)
 ParOldGen       total 131584K, used 32012K [0x00000000a0000000, 0x00000000a8080000, 0x00000000e0000000)
  object space 131584K, 24% used [0x00000000a0000000,0x00000000a1f43088,0x00000000a8080000)
 Metaspace       used 70039K, capacity 72320K, committed 72448K, reserved 1112064K
  class space    used 9348K, capacity 9866K, committed 9984K, reserved 1048576K
Event: 55.981 GC heap after
Heap after GC invocations=19 (full 3):
 PSYoungGen      total 129024K, used 14309K [0x00000000e0000000, 0x00000000ea880000, 0x0000000100000000)
  eden space 114688K, 0% used [0x00000000e0000000,0x00000000e0000000,0x00000000e7000000)
  from space 14336K, 99% used [0x00000000e8080000,0x00000000e8e796f8,0x00000000e8e80000)
  to   space 16896K, 0% used [0x00000000e7000000,0x00000000e7000000,0x00000000e8080000)
 ParOldGen       total 131584K, used 33417K [0x00000000a0000000, 0x00000000a8080000, 0x00000000e0000000)
  object space 131584K, 25% used [0x00000000a0000000,0x00000000a20a2728,0x00000000a8080000)
 Metaspace       used 70039K, capacity 72320K, committed 72448K, reserved 1112064K
  class space    used 9348K, capacity 9866K, committed 9984K, reserved 1048576K
}

Deoptimization events (10 events):
Event: 53.527 Thread 0x0000000018acd800 Uncommon trap: reason=unstable_if action=reinterpret pc=0x00000000037b948c method=com.esotericsoftware.kryo.io.Input.readString()Ljava/lang/String; @ 38
Event: 54.869 Thread 0x0000000018ad3800 Uncommon trap: reason=unstable_if action=reinterpret pc=0x0000000002deb8b8 method=sun.nio.fs.WindowsPathParser.isSlash(C)Z @ 9
Event: 55.393 Thread 0x0000000018ad3800 Uncommon trap: reason=bimorphic action=maybe_recompile pc=0x0000000003c91ef8 method=java.util.regex.Pattern$Begin.match(Ljava/util/regex/Matcher;ILjava/lang/CharSequence;)Z @ 30
Event: 56.083 Thread 0x0000000018ad3800 Uncommon trap: reason=unstable_if action=reinterpret pc=0x0000000003c5b1a0 method=org.objectweb.asm.ClassReader.readUTF(II[C)Ljava/lang/String; @ 77
Event: 56.083 Thread 0x0000000018ad3800 Uncommon trap: reason=unstable_if action=reinterpret pc=0x0000000003c8d650 method=org.objectweb.asm.ByteVector.putUTF8(Ljava/lang/String;)Lorg/objectweb/asm/ByteVector; @ 91
Event: 56.101 Thread 0x0000000018ad3800 Uncommon trap: reason=unstable_if action=reinterpret pc=0x0000000003b9a7bc method=org.objectweb.asm.ClassReader.readUTF(II[C)Ljava/lang/String; @ 77
Event: 56.101 Thread 0x0000000018ad3800 Uncommon trap: reason=unstable_if action=reinterpret pc=0x0000000003b9b10c method=org.objectweb.asm.ByteVector.putUTF8(Ljava/lang/String;)Lorg/objectweb/asm/ByteVector; @ 91
Event: 56.171 Thread 0x0000000018ad3800 Uncommon trap: reason=unstable_if action=reinterpret pc=0x0000000003b5c144 method=com.google.common.collect.MapMakerInternalMap$Segment.getEntry(Ljava/lang/Object;I)Lcom/google/common/collect/MapMakerInternalMap$InternalEntry; @ 40
Event: 56.178 Thread 0x0000000018ad3800 Uncommon trap: reason=unstable_if action=reinterpret pc=0x0000000003b0233c method=com.google.common.collect.MapMakerInternalMap$Segment.getEntry(Ljava/lang/Object;I)Lcom/google/common/collect/MapMakerInternalMap$InternalEntry; @ 40
Event: 56.786 Thread 0x0000000018705800 Uncommon trap: reason=range_check action=make_not_entrant pc=0x0000000003d14cf8 method=org.objectweb.asm.Type.getType([CI)Lorg/objectweb/asm/Type; @ 2

Classes redefined (0 events):
No events

Internal exceptions (10 events):
Event: 47.669 Thread 0x0000000018705800 Exception <a 'java/lang/ClassNotFoundException': org/gradle/api/internal/project/DefaultAntBuilderCustomizer> (0x00000000e7187800) thrown at [D:\src\AOSP-openjdk-cygwin\jdk8u\hotspot\src\share\vm\classfile\systemDictionary.cpp, line 210]
Event: 47.986 Thread 0x0000000018acf000 Implicit null exception at 0x0000000002e1e8a2 to 0x0000000002e1ede1
Event: 47.987 Thread 0x0000000018ad3800 Implicit null exception at 0x000000000279bf56 to 0x000000000279c2e9
Event: 48.452 Thread 0x0000000018acf000 Implicit null exception at 0x0000000002cc83d0 to 0x0000000002cca655
Event: 49.639 Thread 0x0000000018ad3800 Implicit null exception at 0x00000000032cac18 to 0x00000000032cad4d
Event: 49.639 Thread 0x0000000018705800 Implicit null exception at 0x00000000032cac18 to 0x00000000032cad4d
Event: 50.027 Thread 0x0000000018705800 Implicit null exception at 0x0000000003722c2e to 0x0000000003726145
Event: 53.568 Thread 0x0000000018ad3800 Exception <a 'java/net/SocketTimeoutException': Read timed out> (0x00000000e55fcd78) thrown at [D:\src\AOSP-openjdk-cygwin\jdk8u\hotspot\src\share\vm\prims\jni.cpp, line 736]
Event: 56.171 Thread 0x0000000018ad3800 Implicit null exception at 0x0000000003b5a388 to 0x0000000003b5c119
Event: 56.178 Thread 0x0000000018ad3800 Implicit null exception at 0x0000000003b02063 to 0x0000000003b02325

Events (10 events):
Event: 56.468 Executing VM operation: RevokeBias done
Event: 56.468 Executing VM operation: RevokeBias
Event: 56.468 Executing VM operation: RevokeBias done
Event: 56.469 Executing VM operation: RevokeBias
Event: 56.469 Executing VM operation: RevokeBias done
Event: 56.469 Executing VM operation: RevokeBias
Event: 56.469 Executing VM operation: RevokeBias done
Event: 56.786 Thread 0x0000000018705800 Uncommon trap: trap_request=0xffffffe4 fr.pc=0x0000000003d14cf8
Event: 56.786 Thread 0x0000000018705800 DEOPT PACKING pc=0x0000000003d14cf8 sp=0x000000001a5b6480
Event: 56.786 Thread 0x0000000018705800 DEOPT UNPACKING pc=0x00000000025a557b sp=0x000000001a5b63c8 mode 2


Dynamic libraries:
0x00007ff77e1e0000 - 0x00007ff77e211000 	C:\Program Files\Android\Android Studio\jre\bin\java.exe
0x00007ffb89440000 - 0x00007ffb89630000 	C:\Windows\SYSTEM32\ntdll.dll
0x00007ffb88960000 - 0x00007ffb88a12000 	C:\Windows\System32\KERNEL32.DLL
0x00007ffb87060000 - 0x00007ffb87303000 	C:\Windows\System32\KERNELBASE.dll
0x00007ffb892b0000 - 0x00007ffb89353000 	C:\Windows\System32\ADVAPI32.dll
0x00007ffb88bd0000 - 0x00007ffb88c6e000 	C:\Windows\System32\msvcrt.dll
0x00007ffb89360000 - 0x00007ffb893f7000 	C:\Windows\System32\sechost.dll
0x00007ffb877d0000 - 0x00007ffb878f0000 	C:\Windows\System32\RPCRT4.dll
0x00007ffb890b0000 - 0x00007ffb89244000 	C:\Windows\System32\USER32.dll
0x00007ffb87430000 - 0x00007ffb87451000 	C:\Windows\System32\win32u.dll
0x00007ffb874f0000 - 0x00007ffb87516000 	C:\Windows\System32\GDI32.dll
0x00007ffb86ec0000 - 0x00007ffb87054000 	C:\Windows\System32\gdi32full.dll
0x00007ffb87390000 - 0x00007ffb8742e000 	C:\Windows\System32\msvcp_win.dll
0x00007ffb86b50000 - 0x00007ffb86c4a000 	C:\Windows\System32\ucrtbase.dll
0x00007ffb709f0000 - 0x00007ffb70c75000 	C:\Windows\WinSxS\amd64_microsoft.windows.common-controls_6595b64144ccf1df_6.0.18362.778_none_e6c6b761130d4fb8\COMCTL32.dll
0x00007ffb88d70000 - 0x00007ffb890a6000 	C:\Windows\System32\combase.dll
0x00007ffb87310000 - 0x00007ffb87390000 	C:\Windows\System32\bcryptPrimitives.dll
0x00007ffb88c70000 - 0x00007ffb88c9e000 	C:\Windows\System32\IMM32.DLL
0x0000000067d30000 - 0x0000000067e02000 	C:\Program Files\Android\Android Studio\jre\jre\bin\msvcr100.dll
0x0000000066f90000 - 0x00000000677d6000 	C:\Program Files\Android\Android Studio\jre\jre\bin\server\jvm.dll
0x00007ffb88af0000 - 0x00007ffb88af8000 	C:\Windows\System32\PSAPI.DLL
0x00007ffb6e730000 - 0x00007ffb6e739000 	C:\Windows\SYSTEM32\WSOCK32.dll
0x00007ffb88b00000 - 0x00007ffb88b6f000 	C:\Windows\System32\WS2_32.dll
0x00007ffb7e2d0000 - 0x00007ffb7e2f4000 	C:\Windows\SYSTEM32\WINMM.dll
0x00007ffb7bfc0000 - 0x00007ffb7bfca000 	C:\Windows\SYSTEM32\VERSION.dll
0x00007ffb7e2a0000 - 0x00007ffb7e2cd000 	C:\Windows\SYSTEM32\WINMMBASE.dll
0x00007ffb86d20000 - 0x00007ffb86d6a000 	C:\Windows\System32\cfgmgr32.dll
0x00007ffb7e370000 - 0x00007ffb7e37f000 	C:\Program Files\Android\Android Studio\jre\jre\bin\verify.dll
0x00007ffb7aec0000 - 0x00007ffb7aee9000 	C:\Program Files\Android\Android Studio\jre\jre\bin\java.dll
0x00007ffb7ae20000 - 0x00007ffb7ae36000 	C:\Program Files\Android\Android Studio\jre\jre\bin\zip.dll
0x00007ffb88250000 - 0x00007ffb88935000 	C:\Windows\System32\SHELL32.dll
0x00007ffb878f0000 - 0x00007ffb87999000 	C:\Windows\System32\shcore.dll
0x00007ffb863d0000 - 0x00007ffb86b50000 	C:\Windows\System32\windows.storage.dll
0x00007ffb863a0000 - 0x00007ffb863c3000 	C:\Windows\System32\profapi.dll
0x00007ffb86330000 - 0x00007ffb8637a000 	C:\Windows\System32\powrprof.dll
0x00007ffb86300000 - 0x00007ffb86310000 	C:\Windows\System32\UMPDC.dll
0x00007ffb87f10000 - 0x00007ffb87f62000 	C:\Windows\System32\shlwapi.dll
0x00007ffb86380000 - 0x00007ffb86391000 	C:\Windows\System32\kernel.appcore.dll
0x00007ffb86d00000 - 0x00007ffb86d17000 	C:\Windows\System32\cryptsp.dll
0x00007ffb7aa40000 - 0x00007ffb7aa5a000 	C:\Program Files\Android\Android Studio\jre\jre\bin\net.dll
0x00007ffb85b20000 - 0x00007ffb85b87000 	C:\Windows\system32\mswsock.dll
0x00007ffb7a570000 - 0x00007ffb7a581000 	C:\Program Files\Android\Android Studio\jre\jre\bin\nio.dll
0x00007ffb74770000 - 0x00007ffb74796000 	C:\Users\Iotguy\.gradle\native\29\windows-amd64\native-platform.dll
0x00007ffb7aea0000 - 0x00007ffb7aead000 	C:\Program Files\Android\Android Studio\jre\jre\bin\management.dll
0x00007ffb856a0000 - 0x00007ffb856d3000 	C:\Windows\system32\rsaenh.dll
0x00007ffb874c0000 - 0x00007ffb874e6000 	C:\Windows\System32\bcrypt.dll
0x00007ffb86220000 - 0x00007ffb86245000 	C:\Windows\SYSTEM32\USERENV.dll
0x00007ffb85ca0000 - 0x00007ffb85cac000 	C:\Windows\SYSTEM32\CRYPTBASE.dll
0x00007ffb85840000 - 0x00007ffb8587a000 	C:\Windows\SYSTEM32\IPHLPAPI.DLL
0x00007ffb87680000 - 0x00007ffb87688000 	C:\Windows\System32\NSI.dll
0x00007ffb7bfa0000 - 0x00007ffb7bfb6000 	C:\Windows\SYSTEM32\dhcpcsvc6.DLL
0x00007ffb7bf80000 - 0x00007ffb7bf9c000 	C:\Windows\SYSTEM32\dhcpcsvc.DLL
0x00007ffb85880000 - 0x00007ffb8594a000 	C:\Windows\SYSTEM32\DNSAPI.dll
0x00007ffb7af30000 - 0x00007ffb7af54000 	C:\Program Files\Android\Android Studio\jre\jre\bin\sunec.dll
0x00007ffb7af20000 - 0x00007ffb7af2b000 	C:\Program Files\Android\Android Studio\jre\jre\bin\sunmscapi.dll
0x00007ffb86d70000 - 0x00007ffb86eb9000 	C:\Windows\System32\CRYPT32.dll
0x00007ffb86310000 - 0x00007ffb86322000 	C:\Windows\System32\MSASN1.dll

VM Arguments:
jvm_args: -Xmx1536m -Dfile.encoding=windows-1252 -Duser.country=MA -Duser.language=fr -Duser.variant 
java_command: org.gradle.launcher.daemon.bootstrap.GradleDaemon 5.4.1
java_class_path (initial): C:\Users\Iotguy\.gradle\wrapper\dists\gradle-5.4.1-all\3221gyojl5jsh0helicew7rwx\gradle-5.4.1\lib\gradle-launcher-5.4.1.jar
Launcher Type: SUN_STANDARD

Environment Variables:
PATH=C:\ProgramData\DockerDesktop\version-bin;C:\Program Files\Docker\Docker\Resources\bin;C:\Program Files (x86)\Common Files\Oracle\Java\javapath;C:\Windows\system32;C:\Windows;C:\Windows\System32\Wbem;C:\Windows\System32\WindowsPowerShell\v1.0\;C:\Windows\System32\OpenSSH\;C:\Program Files\nodejs\;C:\Program Files\Git\cmd;C:\Program Files (x86)\cvsnt;C:\xampp\php;C:\ProgramData\ComposerSetup\bin;C:\Program Files\PuTTY\;C:\maven\bin;C:\openssl-0.9.8k_X64\bin;C:\Program Files\Java\jdk1.8.0_231\bin;C:\Program Files (x86)\BaseX\bin;C:\python\Scripts\;C:\python\;C:\Program Files (x86)\Common Files\Oracle\Java\javapath;C:\Windows\system32;C:\Windows;C:\Windows\System32\Wbem;C:\Windows\System32\WindowsPowerShell\v1.0\;C:\Windows\System32\OpenSSH\;C:\Program Files\nodejs\;C:\Program Files\Git\cmd;C:\Program Files (x86)\cvsnt;C:\Users\Iotguy\AppData\Local\Microsoft\WindowsApps;C:\Users\Iotguy\AppData\Local\Programs\Microsoft VS Code\bin;C:\Users\Iotguy\AppData\Roaming\npm;C:\Program Files\JetBrains\PyCharm Community Edition 2019.3\bin;C:\flutter\flutter\bin;C:\Users\Iotguy\AppData\Roaming\Composer\vendor\bin;C:\Users\Iotguy\AppData\Local\GitHubDesktop\bin;
USERNAME=Iotguy
OS=Windows_NT
PROCESSOR_IDENTIFIER=Intel64 Family 6 Model 142 Stepping 9, GenuineIntel



---------------  S Y S T E M  ---------------

OS: Windows 10.0 , 64 bit Build 18362 (10.0.18362.778)

CPU:total 4 (initial active 4) (2 cores per cpu, 2 threads per core) family 6 model 142 stepping 9, cmov, cx8, fxsr, mmx, sse, sse2, sse3, ssse3, sse4.1, sse4.2, popcnt, avx, avx2, aes, clmul, erms, rtm, 3dnowpref, lzcnt, ht, tsc, tscinvbit, bmi1, bmi2, adx

Memory: 4k page, physical 8246192k(333900k free), swap 26635820k(4420k free)

vm_info: OpenJDK 64-Bit Server VM (25.202-b03) for windows-amd64 JRE (1.8.0_202-release-1483-b03), built by "builder" with MS VC++ 10.0 (VS2010)

time: Mon Apr 27 14:54:26 2020
timezone: Paris, Madrid
elapsed time: 57 seconds (0d 0h 0m 57s)

